<?xml version="1.0" encoding="UTF-8"?>
<!-- Generated by org.testng.reporters.JUnitReportReporter -->
<testsuite hostname="1234-1209" failures="0" tests="1" name="testCases.TC10_Tickets_Page" time="0.875" errors="0" timestamp="2024-08-06T19:51:43 IST" skipped="0">
  <testcase classname="testCases.TC10_Tickets_Page" name="ticketspage" time="0.875"/>
</testsuite> <!-- testCases.TC10_Tickets_Page -->
