<?xml version="1.0" encoding="UTF-8"?>
<!-- Generated by org.testng.reporters.JUnitReportReporter -->
<testsuite hostname="1234-1209" failures="0" tests="1" name="testCases.TC03_Computers_Page" time="11.018" errors="0" timestamp="2024-07-26T13:00:58 IST" skipped="0">
  <testcase classname="testCases.TC03_Computers_Page" name="computerPage" time="11.018"/>
</testsuite> <!-- testCases.TC03_Computers_Page -->
