<?xml version="1.0" encoding="UTF-8"?>
<!-- Generated by org.testng.reporters.JUnitReportReporter -->
<testsuite hostname="1234-1209" failures="0" tests="1" name="testCases.TC08_Imaging_Page" time="3.032" errors="0" timestamp="2024-08-09T19:30:04 IST" skipped="0">
  <testcase classname="testCases.TC08_Imaging_Page" name="ImagingPage" time="3.032"/>
</testsuite> <!-- testCases.TC08_Imaging_Page -->
