<?xml version="1.0" encoding="UTF-8"?>
<!-- Generated by org.testng.reporters.JUnitReportReporter -->
<testsuite hostname="1234-1209" failures="0" tests="1" name="testCases.TC09_Inventory_Page" time="7.812" errors="0" timestamp="2024-07-26T16:29:56 IST" skipped="0">
  <testcase classname="testCases.TC09_Inventory_Page" name="invonterypage" time="7.812"/>
</testsuite> <!-- testCases.TC09_Inventory_Page -->
