<?xml version="1.0" encoding="UTF-8"?>
<!-- Generated by org.testng.reporters.JUnitReportReporter -->
<testsuite hostname="1234-1209" failures="0" tests="2" name="testCases.TC05_Policies_Page" time="3.794" errors="0" timestamp="2024-08-06T19:51:43 IST" skipped="0">
  <testcase classname="testCases.TC05_Policies_Page" name="PolicyPage" time="0.756"/>
  <testcase classname="testCases.TC05_Policies_Page" name="policypage1" time="3.038"/>
</testsuite> <!-- testCases.TC05_Policies_Page -->
