<?xml version="1.0" encoding="UTF-8"?>
<!-- Generated by org.testng.reporters.JUnitReportReporter -->
<testsuite hostname="1234-1209" failures="0" tests="2" name="testCases.TC05_Policies_Page" time="4.383" errors="0" timestamp="2024-08-01T15:59:47 IST" skipped="0">
  <testcase classname="testCases.TC05_Policies_Page" name="policypage" time="0.521"/>
  <testcase classname="testCases.TC05_Policies_Page" name="policypage1" time="3.862"/>
</testsuite> <!-- testCases.TC05_Policies_Page -->
