<?xml version="1.0" encoding="UTF-8"?>
<!-- Generated by org.testng.reporters.JUnitReportReporter -->
<testsuite hostname="1234-1209" failures="0" tests="2" name="testCases.TC01_Sign_in_Page" time="20.089" errors="0" timestamp="2024-07-23T19:50:07 IST" skipped="0">
  <testcase classname="testCases.TC01_Sign_in_Page" name="testsignin" time="6.688"/>
  <testcase classname="testCases.TC01_Sign_in_Page" name="computerpage" time="13.401"/>
</testsuite> <!-- testCases.TC01_Sign_in_Page -->
