<?xml version="1.0" encoding="UTF-8"?>
<!-- Generated by org.testng.reporters.JUnitReportReporter -->
<testsuite hostname="1234-1209" failures="0" tests="1" name="testCases.TC08_Imaging_Page" time="2.096" errors="0" timestamp="2024-08-06T19:51:43 IST" skipped="0">
  <testcase classname="testCases.TC08_Imaging_Page" name="ImagingPage" time="2.096"/>
</testsuite> <!-- testCases.TC08_Imaging_Page -->
