<?xml version="1.0" encoding="UTF-8"?>
<!-- Generated by org.testng.reporters.JUnitReportReporter -->
<testsuite hostname="1234-1209" failures="0" tests="1" name="testCases.TC04_Groups_Page" time="16.438" errors="0" timestamp="2024-07-29T19:27:18 IST" skipped="0">
  <testcase classname="testCases.TC04_Groups_Page" name="grouppage" time="16.438"/>
</testsuite> <!-- testCases.TC04_Groups_Page -->
