<?xml version="1.0" encoding="UTF-8"?>
<!-- Generated by org.testng.reporters.JUnitReportReporter -->
<testsuite hostname="1234-1209" failures="0" tests="1" name="testCases.TC01_Sign_in_Page" time="1.495" errors="0" timestamp="2024-07-24T16:14:45 IST" skipped="0">
  <testcase classname="testCases.TC01_Sign_in_Page" name="testsignin" time="1.495"/>
</testsuite> <!-- testCases.TC01_Sign_in_Page -->
