<?xml version="1.0" encoding="UTF-8"?>
<!-- Generated by org.testng.reporters.JUnitReportReporter -->
<testsuite hostname="1234-1209" failures="0" tests="2" name="testCases.TC05_Policies_Page" time="5.531" errors="0" timestamp="2024-08-02T20:06:20 IST" skipped="0">
  <testcase classname="testCases.TC05_Policies_Page" name="PolicyPage" time="0.410"/>
  <testcase classname="testCases.TC05_Policies_Page" name="policypage1" time="5.121"/>
</testsuite> <!-- testCases.TC05_Policies_Page -->
