<?xml version="1.0" encoding="UTF-8"?>
<!-- Generated by org.testng.reporters.JUnitReportReporter -->
<testsuite hostname="1234-1209" failures="0" tests="2" name="testCases.Sign_in_Page" time="6.650" errors="0" timestamp="2024-07-23T12:05:31 IST" skipped="0">
  <testcase classname="testCases.Sign_in_Page" name="testsignin" time="3.429"/>
  <testcase classname="testCases.Sign_in_Page" name="computerpage" time="3.221"/>
</testsuite> <!-- testCases.Sign_in_Page -->
