<?xml version="1.0" encoding="UTF-8"?>
<!-- Generated by org.testng.reporters.JUnitReportReporter -->
<testsuite hostname="1234-1209" failures="0" tests="1" name="testCases.TC13_MDM_Page" time="1.673" errors="0" timestamp="2024-07-25T12:10:26 IST" skipped="0">
  <testcase classname="testCases.TC13_MDM_Page" name="mdmpage" time="1.673"/>
</testsuite> <!-- testCases.TC13_MDM_Page -->
