<?xml version="1.0" encoding="UTF-8"?>
<!-- Generated by org.testng.reporters.JUnitReportReporter -->
<testsuite hostname="1234-1209" failures="0" tests="1" name="testCases.TC12_UsageStats_Page" time="1.920" errors="0" timestamp="2024-08-06T19:51:43 IST" skipped="0">
  <testcase classname="testCases.TC12_UsageStats_Page" name="usagestats" time="1.920"/>
</testsuite> <!-- testCases.TC12_UsageStats_Page -->
