<?xml version="1.0" encoding="UTF-8"?>
<!-- Generated by org.testng.reporters.JUnitReportReporter -->
<testsuite hostname="1234-1209" failures="0" tests="2" name="testCases.TC020_Site_Page" time="14.499" errors="0" timestamp="2024-08-09T16:24:43 IST" skipped="0">
  <testcase classname="testCases.TC020_Site_Page" name="SitePage" time="14.480"/>
  <testcase classname="testCases.TC020_Site_Page" name="Site1" time="0.019"/>
</testsuite> <!-- testCases.TC020_Site_Page -->
