<?xml version="1.0" encoding="UTF-8"?>
<!-- Generated by org.testng.reporters.JUnitReportReporter -->
<testsuite hostname="1234-1209" failures="0" tests="1" name="testCases.TC09_Inventory_Page" time="4.221" errors="0" timestamp="2024-08-09T19:30:04 IST" skipped="0">
  <testcase classname="testCases.TC09_Inventory_Page" name="invonterypage" time="4.221"/>
</testsuite> <!-- testCases.TC09_Inventory_Page -->
