<?xml version="1.0" encoding="UTF-8"?>
<!-- Generated by org.testng.reporters.JUnitReportReporter -->
<testsuite hostname="1234-1209" failures="0" tests="1" name="testCases.TC12_UsageStats_Page" time="5.115" errors="0" timestamp="2024-08-02T20:06:20 IST" skipped="0">
  <testcase classname="testCases.TC12_UsageStats_Page" name="usagestats" time="5.115"/>
</testsuite> <!-- testCases.TC12_UsageStats_Page -->
