<?xml version="1.0" encoding="UTF-8"?>
<!-- Generated by org.testng.reporters.JUnitReportReporter -->
<testsuite hostname="1234-1209" failures="0" tests="1" name="testCases.TC08_Imaging_Page" time="1.908" errors="0" timestamp="2024-07-25T12:10:26 IST" skipped="0">
  <testcase classname="testCases.TC08_Imaging_Page" name="imagingpage" time="1.908"/>
</testsuite> <!-- testCases.TC08_Imaging_Page -->
