<?xml version="1.0" encoding="UTF-8"?>
<!-- Generated by org.testng.reporters.JUnitReportReporter -->
<testsuite hostname="1234-1209" failures="0" tests="1" name="testCases.TC08_Imaging_Page" time="3.906" errors="0" timestamp="2024-08-02T20:06:20 IST" skipped="0">
  <testcase classname="testCases.TC08_Imaging_Page" name="ImagingPage" time="3.906"/>
</testsuite> <!-- testCases.TC08_Imaging_Page -->
