<?xml version="1.0" encoding="UTF-8"?>
<!-- Generated by org.testng.reporters.JUnitReportReporter -->
<testsuite hostname="1234-1209" failures="0" tests="1" name="testCases.TC17_TaskStatus_Page" time="2.971" errors="0" timestamp="2024-07-26T16:29:56 IST" skipped="0">
  <testcase classname="testCases.TC17_TaskStatus_Page" name="taskstatus" time="2.971"/>
</testsuite> <!-- testCases.TC17_TaskStatus_Page -->
