<?xml version="1.0" encoding="UTF-8"?>
<!-- Generated by org.testng.reporters.JUnitReportReporter -->
<testsuite hostname="1234-1209" failures="0" tests="1" name="testCases.TC18_Alerts_Page" time="0.180" errors="0" timestamp="2024-07-26T13:00:58 IST" skipped="0">
  <testcase classname="testCases.TC18_Alerts_Page" name="alertpage" time="0.180"/>
</testsuite> <!-- testCases.TC18_Alerts_Page -->
