<?xml version="1.0" encoding="UTF-8"?>
<!-- Generated by org.testng.reporters.JUnitReportReporter -->
<testsuite hostname="1234-1209" failures="0" tests="2" name="testCases.TC19_Users_Management_Page" time="1.163" errors="0" timestamp="2024-08-06T19:51:43 IST" skipped="0">
  <testcase classname="testCases.TC19_Users_Management_Page" name="UserManagement_Page" time="0.634"/>
  <testcase classname="testCases.TC19_Users_Management_Page" name="AddSAUser" time="0.529"/>
</testsuite> <!-- testCases.TC19_Users_Management_Page -->
