<?xml version="1.0" encoding="UTF-8"?>
<!-- Generated by org.testng.reporters.JUnitReportReporter -->
<testsuite hostname="1234-1209" failures="0" tests="2" name="testCases.TC05_Policies_Page" time="5.948" errors="0" timestamp="2024-08-09T19:30:04 IST" skipped="0">
  <testcase classname="testCases.TC05_Policies_Page" name="PolicyPage" time="1.331"/>
  <testcase classname="testCases.TC05_Policies_Page" name="policypage1" time="4.617"/>
</testsuite> <!-- testCases.TC05_Policies_Page -->
