<?xml version="1.0" encoding="UTF-8"?>
<!-- Generated by org.testng.reporters.JUnitReportReporter -->
<testsuite hostname="1234-1209" failures="0" tests="1" name="testCases.TC09_Inventory_Page" time="2.219" errors="0" timestamp="2024-08-02T20:06:20 IST" skipped="0">
  <testcase classname="testCases.TC09_Inventory_Page" name="invonterypage" time="2.219"/>
</testsuite> <!-- testCases.TC09_Inventory_Page -->
