<?xml version="1.0" encoding="UTF-8"?>
<!-- Generated by org.testng.reporters.JUnitReportReporter -->
<testsuite hostname="1234-1209" failures="0" tests="1" name="testCases.TC13_MDM_Page" time="12.229" errors="0" timestamp="2024-07-26T16:29:56 IST" skipped="0">
  <testcase classname="testCases.TC13_MDM_Page" name="mdmpage" time="12.229"/>
</testsuite> <!-- testCases.TC13_MDM_Page -->
