<?xml version="1.0" encoding="UTF-8"?>
<!-- Generated by org.testng.reporters.JUnitReportReporter -->
<testsuite hostname="1234-1209" failures="0" tests="1" name="testCases.TC11_DFOD_Page" time="3.052" errors="0" timestamp="2024-08-09T19:30:04 IST" skipped="0">
  <testcase classname="testCases.TC11_DFOD_Page" name="dfodpage" time="3.052"/>
</testsuite> <!-- testCases.TC11_DFOD_Page -->
