<?xml version="1.0" encoding="UTF-8"?>
<!-- Generated by org.testng.reporters.JUnitReportReporter -->
<testsuite hostname="1234-1209" failures="0" tests="1" name="testCases.TC10_Tickets_Page" time="2.055" errors="0" timestamp="2024-07-26T16:29:56 IST" skipped="0">
  <testcase classname="testCases.TC10_Tickets_Page" name="ticketspage" time="2.055"/>
</testsuite> <!-- testCases.TC10_Tickets_Page -->
