<?xml version="1.0" encoding="UTF-8"?>
<!-- Generated by org.testng.reporters.JUnitReportReporter -->
<testsuite hostname="1234-1209" failures="0" tests="1" name="testCases.TC04_Groups_Page" time="2.410" errors="0" timestamp="2024-07-30T20:06:35 IST" skipped="0">
  <testcase classname="testCases.TC04_Groups_Page" name="grouppage" time="2.410"/>
</testsuite> <!-- testCases.TC04_Groups_Page -->
