<?xml version="1.0" encoding="UTF-8"?>
<!-- Generated by org.testng.reporters.JUnitReportReporter -->
<testsuite hostname="1234-1209" failures="0" tests="1" name="testCases.TC01_Sign_in_Page" time="3.724" errors="0" timestamp="2024-08-02T20:06:20 IST" skipped="0">
  <testcase classname="testCases.TC01_Sign_in_Page" name="testsignin" time="3.724"/>
</testsuite> <!-- testCases.TC01_Sign_in_Page -->
