<?xml version="1.0" encoding="UTF-8"?>
<!-- Generated by org.testng.reporters.JUnitReportReporter -->
<testsuite hostname="1234-1209" failures="0" tests="1" name="testCases.TC04_Groups_Page" time="5.972" errors="0" timestamp="2024-07-25T10:32:18 IST" skipped="0">
  <testcase classname="testCases.TC04_Groups_Page" name="grouppage" time="5.972"/>
</testsuite> <!-- testCases.TC04_Groups_Page -->
