<?xml version="1.0" encoding="UTF-8"?>
<!-- Generated by org.testng.reporters.JUnitReportReporter -->
<testsuite hostname="1234-1209" failures="0" tests="1" name="testCases.TC06_Application_Page" time="3.955" errors="0" timestamp="2024-08-06T19:51:43 IST" skipped="0">
  <testcase classname="testCases.TC06_Application_Page" name="applicationpage" time="3.955"/>
</testsuite> <!-- testCases.TC06_Application_Page -->
